<?xml version="1.0" encoding="UTF-8"?>
<!-- Generated by org.testng.reporters.JUnitXMLReporter -->
<testsuite hostname="DESKTOP-S8UUUM9" ignored="0" name="Test" tests="4" failures="0" timestamp="2020-05-03T03:38:21 EDT" time="93.069" errors="0">
  <testcase name="basePageNavigation" time="0.49" classname="Academy.validateNabigationTab"/>
  <testcase name="basePageNavigation" time="16.028" classname="Academy.homePage"/>
  <testcase name="basePageNavigation" time="32.009" classname="Academy.homePage"/>
  <testcase name="basePageNavigation" time="0.072" classname="Academy.validateTitle"/>
</testsuite> <!-- Test -->
